<?xml version="1.0" encoding="UTF-8"?>
<testsuite xmlns:xsi="http://www.w3.org/2001/XMLSchema-instance" xsi:noNamespaceSchemaLocation="https://maven.apache.org/surefire/maven-surefire-plugin/xsd/surefire-test-report.xsd" name="ar.edu.iua.iw3.negocio.cargaNegocioTest" time="12.75" tests="2" errors="0" skipped="1" failures="0">
  <properties>
[...]
</properties>
  <testcase name="testLoadSuccess2" classname="ar.edu.iua.iw3.negocio.cargaNegocioTest" time="0.048"/>
  <testcase name="testLoadSuccess3" classname="ar.edu.iua.iw3.negocio.cargaNegocioTest" time="0">
    <skipped/>
  </testcase>
</testsuite>